Using pre-set license
Built from '2021.3/staging' branch; Version is '2021.3.26f1 (a16dc32e0ff2) revision 10579395'; Using compiler version '192829333'; Build Type 'Release'
OS: 'Windows 11  (10.0.22621) 64bit Professional' Language: 'ru' Physical Memory: 16333 MB
BatchMode: 1, IsHumanControllingUs: 0, StartBugReporterOnCrash: 0, Is64bit: 1, IsPro: 1

COMMAND LINE ARGUMENTS:
C:\Program Files\Unity\Hub\Editor\2021.3.26f1\Editor\Unity.exe
-adb2
-batchMode
-noUpm
-name
AssetImportWorker2
-projectPath
D:/GitHub/Agro_Furute_Desktop/Novella
-logFile
Logs/AssetImportWorker2.log
-srvPort
53583
Successfully changed project path to: D:/GitHub/Agro_Furute_Desktop/Novella
D:/GitHub/Agro_Furute_Desktop/Novella
[UnityMemory] Configuration Parameters - Can be set up in boot.config
    "memorysetup-bucket-allocator-granularity=16"
    "memorysetup-bucket-allocator-bucket-count=8"
    "memorysetup-bucket-allocator-block-size=33554432"
    "memorysetup-bucket-allocator-block-count=8"
    "memorysetup-main-allocator-block-size=16777216"
    "memorysetup-thread-allocator-block-size=16777216"
    "memorysetup-gfx-main-allocator-block-size=16777216"
    "memorysetup-gfx-thread-allocator-block-size=16777216"
    "memorysetup-cache-allocator-block-size=4194304"
    "memorysetup-typetree-allocator-block-size=2097152"
    "memorysetup-profiler-bucket-allocator-granularity=16"
    "memorysetup-profiler-bucket-allocator-bucket-count=8"
    "memorysetup-profiler-bucket-allocator-block-size=33554432"
    "memorysetup-profiler-bucket-allocator-block-count=8"
    "memorysetup-profiler-allocator-block-size=16777216"
    "memorysetup-profiler-editor-allocator-block-size=1048576"
    "memorysetup-temp-allocator-size-main=16777216"
    "memorysetup-job-temp-allocator-block-size=2097152"
    "memorysetup-job-temp-allocator-block-size-background=1048576"
    "memorysetup-job-temp-allocator-reduction-small-platforms=262144"
    "memorysetup-temp-allocator-size-background-worker=32768"
    "memorysetup-temp-allocator-size-job-worker=262144"
    "memorysetup-temp-allocator-size-preload-manager=33554432"
    "memorysetup-temp-allocator-size-nav-mesh-worker=65536"
    "memorysetup-temp-allocator-size-audio-worker=65536"
    "memorysetup-temp-allocator-size-cloud-worker=32768"
    "memorysetup-temp-allocator-size-gi-baking-worker=262144"
    "memorysetup-temp-allocator-size-gfx=262144"
Player connection [20364] Host "[IP] 192.168.1.41 [Port] 0 [Flags] 2 [Guid] 2793578754 [EditorId] 2793578754 [Version] 1048832 [Id] WindowsEditor(7,я-данил) [Debug] 1 [PackageName] WindowsEditor [ProjectName] Editor" joined multi-casting on [225.0.0.222:54997]...

Player connection [20364] Host "[IP] 192.168.1.41 [Port] 0 [Flags] 2 [Guid] 2793578754 [EditorId] 2793578754 [Version] 1048832 [Id] WindowsEditor(7,я-данил) [Debug] 1 [PackageName] WindowsEditor [ProjectName] Editor" joined alternative multi-casting on [225.0.0.222:34997]...

Refreshing native plugins compatible for Editor in 108.93 ms, found 4 plugins.
Preloading 0 native plugins for Editor in 0.00 ms.
Initialize engine version: 2021.3.26f1 (a16dc32e0ff2)
[Subsystems] Discovering subsystems at path C:/Program Files/Unity/Hub/Editor/2021.3.26f1/Editor/Data/Resources/UnitySubsystems
[Subsystems] Discovering subsystems at path D:/GitHub/Agro_Furute_Desktop/Novella/Assets
GfxDevice: creating device client; threaded=0; jobified=0
Direct3D:
    Version:  Direct3D 11.0 [level 11.1]
    Renderer: NVIDIA GeForce RTX 2070 SUPER (ID=0x1e84)
    Vendor:   NVIDIA
    VRAM:     8003 MB
    Driver:   31.0.15.3758
Initialize mono
Mono path[0] = 'C:/Program Files/Unity/Hub/Editor/2021.3.26f1/Editor/Data/Managed'
Mono path[1] = 'C:/Program Files/Unity/Hub/Editor/2021.3.26f1/Editor/Data/MonoBleedingEdge/lib/mono/unityjit-win32'
Mono config path = 'C:/Program Files/Unity/Hub/Editor/2021.3.26f1/Editor/Data/MonoBleedingEdge/etc'
Using monoOptions --debugger-agent=transport=dt_socket,embedding=1,server=y,suspend=n,address=127.0.0.1:56040
Begin MonoManager ReloadAssembly
Registering precompiled unity dll's ...
Register platform support module: C:/Program Files/Unity/Hub/Editor/2021.3.26f1/Editor/Data/PlaybackEngines/WebGLSupport/UnityEditor.WebGL.Extensions.dll
Register platform support module: C:/Program Files/Unity/Hub/Editor/2021.3.26f1/Editor/Data/PlaybackEngines/AndroidPlayer/UnityEditor.Android.Extensions.dll
Register platform support module: C:/Program Files/Unity/Hub/Editor/2021.3.26f1/Editor/Data/PlaybackEngines/iOSSupport/UnityEditor.iOS.Extensions.dll
Register platform support module: C:/Program Files/Unity/Hub/Editor/2021.3.26f1/Editor/Data/PlaybackEngines/AppleTVSupport/UnityEditor.AppleTV.Extensions.dll
Register platform support module: C:/Program Files/Unity/Hub/Editor/2021.3.26f1/Editor/Data/PlaybackEngines/WindowsStandaloneSupport/UnityEditor.WindowsStandalone.Extensions.dll
Registered in 0.007508 seconds.
Native extension for WindowsStandalone target not found
[usbmuxd] Start listen thread
[usbmuxd] Listen thread started
Native extension for AppleTV target not found
[usbmuxd] Start listen thread
[usbmuxd] Listen thread started
Native extension for iOS target not found
Native extension for Android target not found
Android Extension - Scanning For ADB Devices 377 ms
Native extension for WebGL target not found
Refreshing native plugins compatible for Editor in 114.65 ms, found 4 plugins.
Preloading 0 native plugins for Editor in 0.00 ms.
Mono: successfully reloaded assembly
- Completed reload, in  1.101 seconds
Domain Reload Profiling:
	ReloadAssembly (1101ms)
		BeginReloadAssembly (81ms)
			ExecutionOrderSort (0ms)
			DisableScriptedObjects (0ms)
			BackupInstance (0ms)
			ReleaseScriptingObjects (0ms)
			CreateAndSetChildDomain (1ms)
		EndReloadAssembly (918ms)
			LoadAssemblies (80ms)
			RebuildTransferFunctionScriptingTraits (0ms)
			SetupTypeCache (116ms)
			ReleaseScriptCaches (0ms)
			RebuildScriptCaches (32ms)
			SetupLoadedEditorAssemblies (714ms)
				LogAssemblyErrors (0ms)
				InitializePlatformSupportModulesInManaged (481ms)
				SetLoadedEditorAssemblies (0ms)
				RefreshPlugins (115ms)
				BeforeProcessingInitializeOnLoad (1ms)
				ProcessInitializeOnLoadAttributes (79ms)
				ProcessInitializeOnLoadMethodAttributes (38ms)
				AfterProcessingInitializeOnLoad (0ms)
				EditorAssembliesLoaded (0ms)
			ExecutionOrderSort2 (0ms)
			AwakeInstancesAfterBackupRestoration (0ms)
Platform modules already initialized, skipping
Registering precompiled user dll's ...
Registered in 0.021162 seconds.
Begin MonoManager ReloadAssembly
Symbol file LoadedFromMemory doesn't match image D:\GitHub\Agro_Furute_Desktop\Novella\Library\PackageCache\com.unity.visualscripting@1.8.0\Editor\VisualScripting.Core\Dependencies\YamlDotNet\Unity.VisualScripting.YamlDotNet.dll
Symbol file LoadedFromMemory doesn't match image D:\GitHub\Agro_Furute_Desktop\Novella\Library\PackageCache\com.unity.visualscripting@1.8.0\Editor\VisualScripting.Core\Dependencies\DotNetZip\Unity.VisualScripting.IonicZip.dll
Native extension for WindowsStandalone target not found
Native extension for AppleTV target not found
Native extension for iOS target not found
Native extension for Android target not found
Native extension for WebGL target not found
Refreshing native plugins compatible for Editor in 97.76 ms, found 4 plugins.
Preloading 0 native plugins for Editor in 0.00 ms.
Mono: successfully reloaded assembly
- Completed reload, in  1.287 seconds
Domain Reload Profiling:
	ReloadAssembly (1288ms)
		BeginReloadAssembly (164ms)
			ExecutionOrderSort (0ms)
			DisableScriptedObjects (5ms)
			BackupInstance (0ms)
			ReleaseScriptingObjects (0ms)
			CreateAndSetChildDomain (21ms)
		EndReloadAssembly (1013ms)
			LoadAssemblies (147ms)
			RebuildTransferFunctionScriptingTraits (0ms)
			SetupTypeCache (273ms)
			ReleaseScriptCaches (1ms)
			RebuildScriptCaches (65ms)
			SetupLoadedEditorAssemblies (545ms)
				LogAssemblyErrors (0ms)
				InitializePlatformSupportModulesInManaged (29ms)
				SetLoadedEditorAssemblies (0ms)
				RefreshPlugins (98ms)
				BeforeProcessingInitializeOnLoad (96ms)
				ProcessInitializeOnLoadAttributes (229ms)
				ProcessInitializeOnLoadMethodAttributes (86ms)
				AfterProcessingInitializeOnLoad (7ms)
				EditorAssembliesLoaded (0ms)
			ExecutionOrderSort2 (0ms)
			AwakeInstancesAfterBackupRestoration (5ms)
Platform modules already initialized, skipping
========================================================================
Worker process is ready to serve import requests
Launched and connected shader compiler UnityShaderCompiler.exe after 0.06 seconds
Refreshing native plugins compatible for Editor in 1.77 ms, found 4 plugins.
Preloading 0 native plugins for Editor in 0.00 ms.
Unloading 4926 Unused Serialized files (Serialized files now loaded: 0)
Unloading 51 unused Assets / (0.6 MB). Loaded Objects now: 5409.
Memory consumption went from 203.9 MB to 203.3 MB.
Total: 6.180200 ms (FindLiveObjects: 1.007600 ms CreateObjectMapping: 0.325700 ms MarkObjects: 4.542100 ms  DeleteObjects: 0.302600 ms)

AssetImportParameters requested are different than current active one (requested -> active):
  custom:video-decoder-ogg-theora: a1e56fd34408186e4bbccfd4996cb3dc -> 
  custom:container-muxer-webm: aa71ff27fc2769a1b78a27578f13a17b -> 
  custom:container-demuxer-webm: 4f35f7cbe854078d1ac9338744f61a02 -> 
  custom:video-encoder-webm-vp8: eb34c28f22e8b96e1ab97ce403110664 -> 
  custom:video-codec-MediaFoundation-h265: 746d11721c4dcdbdad8f713fa42b33f4 -> 
  custom:audio-encoder-webm-vorbis: bf7c407c2cedff20999df2af8eb42d56 -> 
  custom:framework-win-MediaFoundation: 216162199b28c13a410421893ffa2e32 -> 
  custom:container-demuxer-ogg: 62fdf1f143b41e24485cea50d1cbac27 -> 
  custom:video-decoder-webm-vp8: 9c59270c3fd7afecdb556c50c9e8de78 -> 
  custom:audio-decoder-ogg-vorbis: bf7c407c2cedff20999df2af8eb42d56 -> 
========================================================================
Received Import Request.
  Time since last request: 591281.232329 seconds.
  path: Assets/FullLogo_Transparent.png
  artifactKey: Guid(e9af844428145b742881b9e7ec0d6ceb) Importer(815301076,1909f56bfc062723c751e8b465ee728b)
Start importing Assets/FullLogo_Transparent.png using Guid(e9af844428145b742881b9e7ec0d6ceb) Importer(815301076,1909f56bfc062723c751e8b465ee728b)  -> (artifact id: '3a95d9158ef289a403297fb999703c6e') in 0.255681 seconds 
========================================================================
Received Import Request.
  Time since last request: 0.000042 seconds.
  path: Assets/icononly_transparent_nobuffer.png
  artifactKey: Guid(2316cf284b61d944685f3becd33662a0) Importer(815301076,1909f56bfc062723c751e8b465ee728b)
Start importing Assets/icononly_transparent_nobuffer.png using Guid(2316cf284b61d944685f3becd33662a0) Importer(815301076,1909f56bfc062723c751e8b465ee728b)  -> (artifact id: 'ed5ceeca6a998ea4e2d0322846b9b5e3') in 0.122975 seconds 
========================================================================
Received Import Request.
  Time since last request: 0.000042 seconds.
  path: Assets/imgonline-com-ua-Resize-7UN8IKhj2Mr4XzBk (2).jpg
  artifactKey: Guid(9c3f90a465bbff947b9364588d876bae) Importer(815301076,1909f56bfc062723c751e8b465ee728b)
Start importing Assets/imgonline-com-ua-Resize-7UN8IKhj2Mr4XzBk (2).jpg using Guid(9c3f90a465bbff947b9364588d876bae) Importer(815301076,1909f56bfc062723c751e8b465ee728b)  -> (artifact id: '1e8c30216e43dbfb6320bb7e5741849e') in 0.253716 seconds 
========================================================================
Received Import Request.
  Time since last request: 0.000036 seconds.
  path: Assets/FullLogo_Transparent 1.png
  artifactKey: Guid(e3cd028b5ae14554e8feb5104933b8ad) Importer(815301076,1909f56bfc062723c751e8b465ee728b)
Start importing Assets/FullLogo_Transparent 1.png using Guid(e3cd028b5ae14554e8feb5104933b8ad) Importer(815301076,1909f56bfc062723c751e8b465ee728b)  -> (artifact id: '56167aaf7680f240a979fe78bb324aed') in 0.029870 seconds 
========================================================================
Received Import Request.
  Time since last request: 0.000038 seconds.
  path: Assets/image.png
  artifactKey: Guid(3070de9e9c999f24c8102d8bd0a5463d) Importer(815301076,1909f56bfc062723c751e8b465ee728b)
Start importing Assets/image.png using Guid(3070de9e9c999f24c8102d8bd0a5463d) Importer(815301076,1909f56bfc062723c751e8b465ee728b)  -> (artifact id: 'a3a46fd5d9ae273a7728d65a8a56f853') in 0.026413 seconds 
========================================================================
Received Import Request.
  Time since last request: 0.000030 seconds.
  path: Assets/imgonline-com-ua-Resize-jMk8hlnqYMp (1).jpg
  artifactKey: Guid(cb05411e0edecc44a820869cfe55e103) Importer(815301076,1909f56bfc062723c751e8b465ee728b)
Start importing Assets/imgonline-com-ua-Resize-jMk8hlnqYMp (1).jpg using Guid(cb05411e0edecc44a820869cfe55e103) Importer(815301076,1909f56bfc062723c751e8b465ee728b)  -> (artifact id: '62999c5cf783ec7dc12a878c507b37e8') in 0.181842 seconds 
========================================================================
Received Import Request.
  Time since last request: 0.698727 seconds.
  path: Assets/Scripts
  artifactKey: Guid(9d6a71e4246fce04182a0626938fd114) Importer(815301076,1909f56bfc062723c751e8b465ee728b)
Start importing Assets/Scripts using Guid(9d6a71e4246fce04182a0626938fd114) Importer(815301076,1909f56bfc062723c751e8b465ee728b)  -> (artifact id: 'ab48aa37d04f35de9bd6e0524c5bc126') in 0.001744 seconds 
========================================================================
Received Import Request.
  Time since last request: 6.682586 seconds.
  path: Assets/Scripts/VisualSettings.cs
  artifactKey: Guid(97e7156d461bf8042b8dd6446e6d2c63) Importer(815301076,1909f56bfc062723c751e8b465ee728b)
Start importing Assets/Scripts/VisualSettings.cs using Guid(97e7156d461bf8042b8dd6446e6d2c63) Importer(815301076,1909f56bfc062723c751e8b465ee728b)  -> (artifact id: '3c81d75bb2d43828ccfe22aabeb912dd') in 0.006327 seconds 
========================================================================
Received Import Request.
  Time since last request: 50.093468 seconds.
  path: Assets/Scripts/SceneMenu.cs
  artifactKey: Guid(a082b5a06187f1545bc4e5e55cf5b9fb) Importer(815301076,1909f56bfc062723c751e8b465ee728b)
Start importing Assets/Scripts/SceneMenu.cs using Guid(a082b5a06187f1545bc4e5e55cf5b9fb) Importer(815301076,1909f56bfc062723c751e8b465ee728b)  -> (artifact id: '4026d4f2ab3620db934d97afbeada4c4') in 0.002243 seconds 
========================================================================
Received Prepare
Registering precompiled user dll's ...
Registered in 0.003831 seconds.
Begin MonoManager ReloadAssembly
Symbol file LoadedFromMemory doesn't match image D:\GitHub\Agro_Furute_Desktop\Novella\Library\PackageCache\com.unity.visualscripting@1.8.0\Editor\VisualScripting.Core\Dependencies\YamlDotNet\Unity.VisualScripting.YamlDotNet.dll
Symbol file LoadedFromMemory doesn't match image D:\GitHub\Agro_Furute_Desktop\Novella\Library\PackageCache\com.unity.visualscripting@1.8.0\Editor\VisualScripting.Core\Dependencies\DotNetZip\Unity.VisualScripting.IonicZip.dll
Native extension for WindowsStandalone target not found
Native extension for AppleTV target not found
Native extension for iOS target not found
Native extension for Android target not found
Native extension for WebGL target not found
Refreshing native plugins compatible for Editor in 0.82 ms, found 4 plugins.
Preloading 0 native plugins for Editor in 0.00 ms.
Mono: successfully reloaded assembly
- Completed reload, in  0.956 seconds
Domain Reload Profiling:
	ReloadAssembly (956ms)
		BeginReloadAssembly (126ms)
			ExecutionOrderSort (0ms)
			DisableScriptedObjects (5ms)
			BackupInstance (0ms)
			ReleaseScriptingObjects (0ms)
			CreateAndSetChildDomain (39ms)
		EndReloadAssembly (748ms)
			LoadAssemblies (84ms)
			RebuildTransferFunctionScriptingTraits (0ms)
			SetupTypeCache (227ms)
			ReleaseScriptCaches (2ms)
			RebuildScriptCaches (46ms)
			SetupLoadedEditorAssemblies (355ms)
				LogAssemblyErrors (0ms)
				InitializePlatformSupportModulesInManaged (28ms)
				SetLoadedEditorAssemblies (0ms)
				RefreshPlugins (1ms)
				BeforeProcessingInitializeOnLoad (71ms)
				ProcessInitializeOnLoadAttributes (178ms)
				ProcessInitializeOnLoadMethodAttributes (69ms)
				AfterProcessingInitializeOnLoad (6ms)
				EditorAssembliesLoaded (0ms)
			ExecutionOrderSort2 (0ms)
			AwakeInstancesAfterBackupRestoration (8ms)
Platform modules already initialized, skipping
Refreshing native plugins compatible for Editor in 2.27 ms, found 4 plugins.
Preloading 0 native plugins for Editor in 0.00 ms.
Unloading 4904 Unused Serialized files (Serialized files now loaded: 0)
Unloading 27 unused Assets / (380.7 KB). Loaded Objects now: 5444.
Memory consumption went from 201.4 MB to 201.0 MB.
Total: 3.757000 ms (FindLiveObjects: 0.469500 ms CreateObjectMapping: 0.141200 ms MarkObjects: 3.006800 ms  DeleteObjects: 0.138200 ms)

AssetImportParameters requested are different than current active one (requested -> active):
  custom:video-decoder-ogg-theora: a1e56fd34408186e4bbccfd4996cb3dc -> 
  custom:container-muxer-webm: aa71ff27fc2769a1b78a27578f13a17b -> 
  custom:container-demuxer-webm: 4f35f7cbe854078d1ac9338744f61a02 -> 
  custom:video-encoder-webm-vp8: eb34c28f22e8b96e1ab97ce403110664 -> 
  custom:video-codec-MediaFoundation-h265: 746d11721c4dcdbdad8f713fa42b33f4 -> 
  custom:audio-encoder-webm-vorbis: bf7c407c2cedff20999df2af8eb42d56 -> 
  custom:framework-win-MediaFoundation: 216162199b28c13a410421893ffa2e32 -> 
  custom:container-demuxer-ogg: 62fdf1f143b41e24485cea50d1cbac27 -> 
  custom:video-decoder-webm-vp8: 9c59270c3fd7afecdb556c50c9e8de78 -> 
  custom:audio-decoder-ogg-vorbis: bf7c407c2cedff20999df2af8eb42d56 -> 
========================================================================
Received Import Request.
  Time since last request: 46.603406 seconds.
  path: Assets/Scripts/SceneMenu.cs
  artifactKey: Guid(a082b5a06187f1545bc4e5e55cf5b9fb) Importer(815301076,1909f56bfc062723c751e8b465ee728b)
Start importing Assets/Scripts/SceneMenu.cs using Guid(a082b5a06187f1545bc4e5e55cf5b9fb) Importer(815301076,1909f56bfc062723c751e8b465ee728b)  -> (artifact id: '9ee08c4eaa43f38838ef57886f5c4fc9') in 0.010249 seconds 
========================================================================
Received Import Request.
  Time since last request: 4.595656 seconds.
  path: Assets/Resources
  artifactKey: Guid(06e2f9d21f21c0b4fac50dd1ea174d12) Importer(815301076,1909f56bfc062723c751e8b465ee728b)
Start importing Assets/Resources using Guid(06e2f9d21f21c0b4fac50dd1ea174d12) Importer(815301076,1909f56bfc062723c751e8b465ee728b)  -> (artifact id: '332fe27e7e19e9cbaab335ee90597d01') in 0.001837 seconds 
========================================================================
Received Import Request.
  Time since last request: 0.101569 seconds.
  path: Assets/Resources/0aY8Z51UovzqvOYa18tDIgVrhX0FpIsMoxFe650gLT2H7xN_eG5ZBIBpwmgWl6z34miCqTC8rI2qjpSmXqkHXb7m.png
  artifactKey: Guid(63e7aacfe05759b45bfeae0403846434) Importer(815301076,1909f56bfc062723c751e8b465ee728b)
Start importing Assets/Resources/0aY8Z51UovzqvOYa18tDIgVrhX0FpIsMoxFe650gLT2H7xN_eG5ZBIBpwmgWl6z34miCqTC8rI2qjpSmXqkHXb7m.png using Guid(63e7aacfe05759b45bfeae0403846434) Importer(815301076,1909f56bfc062723c751e8b465ee728b)  -> (artifact id: '64118267b79e34f5a7a33f575cebfc60') in 0.181594 seconds 
========================================================================
Received Import Request.
  Time since last request: 0.000030 seconds.
  path: Assets/Resources/unnamed (1).png
  artifactKey: Guid(9a6ff2df353b6084d865888d97f77258) Importer(815301076,1909f56bfc062723c751e8b465ee728b)
Start importing Assets/Resources/unnamed (1).png using Guid(9a6ff2df353b6084d865888d97f77258) Importer(815301076,1909f56bfc062723c751e8b465ee728b)  -> (artifact id: 'fc237057d418ff8640cc4b26052fc258') in 0.053155 seconds 
========================================================================
Received Import Request.
  Time since last request: 0.000041 seconds.
  path: Assets/Resources/DOTweenSettings.asset
  artifactKey: Guid(6b1115933b9540646bacb32736075e4c) Importer(815301076,1909f56bfc062723c751e8b465ee728b)
Start importing Assets/Resources/DOTweenSettings.asset using Guid(6b1115933b9540646bacb32736075e4c) Importer(815301076,1909f56bfc062723c751e8b465ee728b)  -> (artifact id: 'fa7ea047ace6210a2a7eb8d472f9a1e8') in 0.008579 seconds 
========================================================================
Received Import Request.
  Time since last request: 0.000017 seconds.
  path: Assets/Resources/1673600973_gas-kvas-com-p-detskii-risunok-lopatka-11photoAid-removed-background (1).png
  artifactKey: Guid(8183c5a194b8b7645a8dc27f6db802b4) Importer(815301076,1909f56bfc062723c751e8b465ee728b)
Start importing Assets/Resources/1673600973_gas-kvas-com-p-detskii-risunok-lopatka-11photoAid-removed-background (1).png using Guid(8183c5a194b8b7645a8dc27f6db802b4) Importer(815301076,1909f56bfc062723c751e8b465ee728b)  -> (artifact id: 'a0114d1c394a88ca79ef26dda0645b4a') in 0.053888 seconds 
========================================================================
Received Import Request.
  Time since last request: 0.000026 seconds.
  path: Assets/Resources/New Material.mat
  artifactKey: Guid(7b6b5bf526c16b3439b3563f882350d8) Importer(815301076,1909f56bfc062723c751e8b465ee728b)
Start importing Assets/Resources/New Material.mat using Guid(7b6b5bf526c16b3439b3563f882350d8) Importer(815301076,1909f56bfc062723c751e8b465ee728b)  -> (artifact id: '4c19e098a0c2596995192bb4c795a937') in 0.054837 seconds 
========================================================================
Received Import Request.
  Time since last request: 0.000025 seconds.
  path: Assets/Resources/Remove-bg.ai_1699202189843.png
  artifactKey: Guid(298456da618efcf4c8ab4a80a4c57d56) Importer(815301076,1909f56bfc062723c751e8b465ee728b)
Start importing Assets/Resources/Remove-bg.ai_1699202189843.png using Guid(298456da618efcf4c8ab4a80a4c57d56) Importer(815301076,1909f56bfc062723c751e8b465ee728b)  -> (artifact id: '456682c8899b43c9bbd81a5df25fb4df') in 0.034793 seconds 
========================================================================
Received Import Request.
  Time since last request: 0.000023 seconds.
  path: Assets/Resources/Remove-bg.ai_1699202344845.png
  artifactKey: Guid(aa3eb139db8c4e74288d42cb9d83ac29) Importer(815301076,1909f56bfc062723c751e8b465ee728b)
Start importing Assets/Resources/Remove-bg.ai_1699202344845.png using Guid(aa3eb139db8c4e74288d42cb9d83ac29) Importer(815301076,1909f56bfc062723c751e8b465ee728b)  -> (artifact id: '9dffc76385880b893142d7276e78aee8') in 0.023653 seconds 
========================================================================
Received Import Request.
  Time since last request: 0.000024 seconds.
  path: Assets/Resources/Sound_Off.png
  artifactKey: Guid(5a5239c5ed2b2d54a859e4f1b7dc3195) Importer(815301076,1909f56bfc062723c751e8b465ee728b)
Start importing Assets/Resources/Sound_Off.png using Guid(5a5239c5ed2b2d54a859e4f1b7dc3195) Importer(815301076,1909f56bfc062723c751e8b465ee728b)  -> (artifact id: 'f5bcb0d87857a50bd8b43507499bbc81') in 0.028824 seconds 
Editor requested this worker to shutdown with reason: Scaling down because of idle timeout
AssetImportWorker is now disconnected from the server
Process exiting
Exiting without the bug reporter. Application will terminate with return code 0