Using pre-set license
Built from '2021.3/staging' branch; Version is '2021.3.26f1 (a16dc32e0ff2) revision 10579395'; Using compiler version '192829333'; Build Type 'Release'
OS: 'Windows 11  (10.0.22621) 64bit Professional' Language: 'ru' Physical Memory: 16333 MB
BatchMode: 1, IsHumanControllingUs: 0, StartBugReporterOnCrash: 0, Is64bit: 1, IsPro: 1

COMMAND LINE ARGUMENTS:
C:\Program Files\Unity\Hub\Editor\2021.3.26f1\Editor\Unity.exe
-adb2
-batchMode
-noUpm
-name
AssetImportWorker1
-projectPath
D:/GitHub/Agro_Furute_Desktop/Novella
-logFile
Logs/AssetImportWorker1.log
-srvPort
53583
Successfully changed project path to: D:/GitHub/Agro_Furute_Desktop/Novella
D:/GitHub/Agro_Furute_Desktop/Novella
[UnityMemory] Configuration Parameters - Can be set up in boot.config
    "memorysetup-bucket-allocator-granularity=16"
    "memorysetup-bucket-allocator-bucket-count=8"
    "memorysetup-bucket-allocator-block-size=33554432"
    "memorysetup-bucket-allocator-block-count=8"
    "memorysetup-main-allocator-block-size=16777216"
    "memorysetup-thread-allocator-block-size=16777216"
    "memorysetup-gfx-main-allocator-block-size=16777216"
    "memorysetup-gfx-thread-allocator-block-size=16777216"
    "memorysetup-cache-allocator-block-size=4194304"
    "memorysetup-typetree-allocator-block-size=2097152"
    "memorysetup-profiler-bucket-allocator-granularity=16"
    "memorysetup-profiler-bucket-allocator-bucket-count=8"
    "memorysetup-profiler-bucket-allocator-block-size=33554432"
    "memorysetup-profiler-bucket-allocator-block-count=8"
    "memorysetup-profiler-allocator-block-size=16777216"
    "memorysetup-profiler-editor-allocator-block-size=1048576"
    "memorysetup-temp-allocator-size-main=16777216"
    "memorysetup-job-temp-allocator-block-size=2097152"
    "memorysetup-job-temp-allocator-block-size-background=1048576"
    "memorysetup-job-temp-allocator-reduction-small-platforms=262144"
    "memorysetup-temp-allocator-size-background-worker=32768"
    "memorysetup-temp-allocator-size-job-worker=262144"
    "memorysetup-temp-allocator-size-preload-manager=33554432"
    "memorysetup-temp-allocator-size-nav-mesh-worker=65536"
    "memorysetup-temp-allocator-size-audio-worker=65536"
    "memorysetup-temp-allocator-size-cloud-worker=32768"
    "memorysetup-temp-allocator-size-gi-baking-worker=262144"
    "memorysetup-temp-allocator-size-gfx=262144"
Player connection [30308] Host "[IP] 192.168.1.41 [Port] 0 [Flags] 2 [Guid] 3454098647 [EditorId] 3454098647 [Version] 1048832 [Id] WindowsEditor(7,я-данил) [Debug] 1 [PackageName] WindowsEditor [ProjectName] Editor" joined multi-casting on [225.0.0.222:54997]...

Player connection [30308] Host "[IP] 192.168.1.41 [Port] 0 [Flags] 2 [Guid] 3454098647 [EditorId] 3454098647 [Version] 1048832 [Id] WindowsEditor(7,я-данил) [Debug] 1 [PackageName] WindowsEditor [ProjectName] Editor" joined alternative multi-casting on [225.0.0.222:34997]...

Refreshing native plugins compatible for Editor in 114.21 ms, found 4 plugins.
Preloading 0 native plugins for Editor in 0.00 ms.
Initialize engine version: 2021.3.26f1 (a16dc32e0ff2)
[Subsystems] Discovering subsystems at path C:/Program Files/Unity/Hub/Editor/2021.3.26f1/Editor/Data/Resources/UnitySubsystems
[Subsystems] Discovering subsystems at path D:/GitHub/Agro_Furute_Desktop/Novella/Assets
GfxDevice: creating device client; threaded=0; jobified=0
Direct3D:
    Version:  Direct3D 11.0 [level 11.1]
    Renderer: NVIDIA GeForce RTX 2070 SUPER (ID=0x1e84)
    Vendor:   NVIDIA
    VRAM:     8003 MB
    Driver:   31.0.15.3758
Initialize mono
Mono path[0] = 'C:/Program Files/Unity/Hub/Editor/2021.3.26f1/Editor/Data/Managed'
Mono path[1] = 'C:/Program Files/Unity/Hub/Editor/2021.3.26f1/Editor/Data/MonoBleedingEdge/lib/mono/unityjit-win32'
Mono config path = 'C:/Program Files/Unity/Hub/Editor/2021.3.26f1/Editor/Data/MonoBleedingEdge/etc'
Using monoOptions --debugger-agent=transport=dt_socket,embedding=1,server=y,suspend=n,address=127.0.0.1:56996
Begin MonoManager ReloadAssembly
Registering precompiled unity dll's ...
Register platform support module: C:/Program Files/Unity/Hub/Editor/2021.3.26f1/Editor/Data/PlaybackEngines/WebGLSupport/UnityEditor.WebGL.Extensions.dll
Register platform support module: C:/Program Files/Unity/Hub/Editor/2021.3.26f1/Editor/Data/PlaybackEngines/AndroidPlayer/UnityEditor.Android.Extensions.dll
Register platform support module: C:/Program Files/Unity/Hub/Editor/2021.3.26f1/Editor/Data/PlaybackEngines/iOSSupport/UnityEditor.iOS.Extensions.dll
Register platform support module: C:/Program Files/Unity/Hub/Editor/2021.3.26f1/Editor/Data/PlaybackEngines/AppleTVSupport/UnityEditor.AppleTV.Extensions.dll
Register platform support module: C:/Program Files/Unity/Hub/Editor/2021.3.26f1/Editor/Data/PlaybackEngines/WindowsStandaloneSupport/UnityEditor.WindowsStandalone.Extensions.dll
Registered in 0.007427 seconds.
Native extension for WindowsStandalone target not found
[usbmuxd] Start listen thread
[usbmuxd] Listen thread started
Native extension for AppleTV target not found
[usbmuxd] Start listen thread
[usbmuxd] Listen thread started
Native extension for iOS target not found
Native extension for Android target not found
Android Extension - Scanning For ADB Devices 433 ms
Native extension for WebGL target not found
Refreshing native plugins compatible for Editor in 108.97 ms, found 4 plugins.
Preloading 0 native plugins for Editor in 0.00 ms.
Mono: successfully reloaded assembly
- Completed reload, in  1.142 seconds
Domain Reload Profiling:
	ReloadAssembly (1142ms)
		BeginReloadAssembly (83ms)
			ExecutionOrderSort (0ms)
			DisableScriptedObjects (0ms)
			BackupInstance (0ms)
			ReleaseScriptingObjects (0ms)
			CreateAndSetChildDomain (1ms)
		EndReloadAssembly (960ms)
			LoadAssemblies (81ms)
			RebuildTransferFunctionScriptingTraits (0ms)
			SetupTypeCache (116ms)
			ReleaseScriptCaches (0ms)
			RebuildScriptCaches (32ms)
			SetupLoadedEditorAssemblies (760ms)
				LogAssemblyErrors (0ms)
				InitializePlatformSupportModulesInManaged (535ms)
				SetLoadedEditorAssemblies (0ms)
				RefreshPlugins (109ms)
				BeforeProcessingInitializeOnLoad (1ms)
				ProcessInitializeOnLoadAttributes (77ms)
				ProcessInitializeOnLoadMethodAttributes (37ms)
				AfterProcessingInitializeOnLoad (0ms)
				EditorAssembliesLoaded (0ms)
			ExecutionOrderSort2 (0ms)
			AwakeInstancesAfterBackupRestoration (0ms)
Platform modules already initialized, skipping
Registering precompiled user dll's ...
Registered in 0.027339 seconds.
Begin MonoManager ReloadAssembly
Symbol file LoadedFromMemory doesn't match image D:\GitHub\Agro_Furute_Desktop\Novella\Library\PackageCache\com.unity.visualscripting@1.8.0\Editor\VisualScripting.Core\Dependencies\YamlDotNet\Unity.VisualScripting.YamlDotNet.dll
Symbol file LoadedFromMemory doesn't match image D:\GitHub\Agro_Furute_Desktop\Novella\Library\PackageCache\com.unity.visualscripting@1.8.0\Editor\VisualScripting.Core\Dependencies\DotNetZip\Unity.VisualScripting.IonicZip.dll
Native extension for WindowsStandalone target not found
Native extension for AppleTV target not found
Native extension for iOS target not found
Native extension for Android target not found
Native extension for WebGL target not found
Refreshing native plugins compatible for Editor in 96.46 ms, found 4 plugins.
Preloading 0 native plugins for Editor in 0.00 ms.
Mono: successfully reloaded assembly
- Completed reload, in  1.301 seconds
Domain Reload Profiling:
	ReloadAssembly (1302ms)
		BeginReloadAssembly (179ms)
			ExecutionOrderSort (0ms)
			DisableScriptedObjects (5ms)
			BackupInstance (0ms)
			ReleaseScriptingObjects (0ms)
			CreateAndSetChildDomain (74ms)
		EndReloadAssembly (1014ms)
			LoadAssemblies (100ms)
			RebuildTransferFunctionScriptingTraits (0ms)
			SetupTypeCache (270ms)
			ReleaseScriptCaches (1ms)
			RebuildScriptCaches (78ms)
			SetupLoadedEditorAssemblies (536ms)
				LogAssemblyErrors (0ms)
				InitializePlatformSupportModulesInManaged (29ms)
				SetLoadedEditorAssemblies (0ms)
				RefreshPlugins (97ms)
				BeforeProcessingInitializeOnLoad (97ms)
				ProcessInitializeOnLoadAttributes (224ms)
				ProcessInitializeOnLoadMethodAttributes (83ms)
				AfterProcessingInitializeOnLoad (7ms)
				EditorAssembliesLoaded (0ms)
			ExecutionOrderSort2 (0ms)
			AwakeInstancesAfterBackupRestoration (5ms)
Platform modules already initialized, skipping
========================================================================
Worker process is ready to serve import requests
Launched and connected shader compiler UnityShaderCompiler.exe after 0.05 seconds
Refreshing native plugins compatible for Editor in 1.87 ms, found 4 plugins.
Preloading 0 native plugins for Editor in 0.00 ms.
Unloading 4926 Unused Serialized files (Serialized files now loaded: 0)
Unloading 51 unused Assets / (0.6 MB). Loaded Objects now: 5409.
Memory consumption went from 204.0 MB to 203.3 MB.
Total: 5.713000 ms (FindLiveObjects: 0.897400 ms CreateObjectMapping: 0.185100 ms MarkObjects: 4.433700 ms  DeleteObjects: 0.194600 ms)

AssetImportParameters requested are different than current active one (requested -> active):
  custom:video-decoder-ogg-theora: a1e56fd34408186e4bbccfd4996cb3dc -> 
  custom:container-muxer-webm: aa71ff27fc2769a1b78a27578f13a17b -> 
  custom:container-demuxer-webm: 4f35f7cbe854078d1ac9338744f61a02 -> 
  custom:video-encoder-webm-vp8: eb34c28f22e8b96e1ab97ce403110664 -> 
  custom:video-codec-MediaFoundation-h265: 746d11721c4dcdbdad8f713fa42b33f4 -> 
  custom:audio-encoder-webm-vorbis: bf7c407c2cedff20999df2af8eb42d56 -> 
  custom:framework-win-MediaFoundation: 216162199b28c13a410421893ffa2e32 -> 
  custom:container-demuxer-ogg: 62fdf1f143b41e24485cea50d1cbac27 -> 
  custom:video-decoder-webm-vp8: 9c59270c3fd7afecdb556c50c9e8de78 -> 
  custom:audio-decoder-ogg-vorbis: bf7c407c2cedff20999df2af8eb42d56 -> 
========================================================================
Received Import Request.
  Time since last request: 591281.296572 seconds.
  path: Assets/TextOnly.png
  artifactKey: Guid(6757d6ed62582fa44b8dee06dfd7a40c) Importer(815301076,1909f56bfc062723c751e8b465ee728b)
Start importing Assets/TextOnly.png using Guid(6757d6ed62582fa44b8dee06dfd7a40c) Importer(815301076,1909f56bfc062723c751e8b465ee728b)  -> (artifact id: '0db91a7d1492defa7486df097147aa45') in 0.222856 seconds 
========================================================================
Received Import Request.
  Time since last request: 0.000066 seconds.
  path: Assets/imgonline-com-ua-Resize-XG6kYcNhuL4sPZJ (1).jpg
  artifactKey: Guid(29e9c48c23df33a4584ba4b78dac0e9d) Importer(815301076,1909f56bfc062723c751e8b465ee728b)
Start importing Assets/imgonline-com-ua-Resize-XG6kYcNhuL4sPZJ (1).jpg using Guid(29e9c48c23df33a4584ba4b78dac0e9d) Importer(815301076,1909f56bfc062723c751e8b465ee728b)  -> (artifact id: 'd2e1f44187e79f0616b77ddbb19926f9') in 0.282599 seconds 
========================================================================
Received Import Request.
  Time since last request: 0.000040 seconds.
  path: Assets/design-1554ea1d-f7bd-49bd-85f0-b814f1586e38 (1).png
  artifactKey: Guid(92f8ec9264470374e8b32f4963ca5d15) Importer(815301076,1909f56bfc062723c751e8b465ee728b)
Start importing Assets/design-1554ea1d-f7bd-49bd-85f0-b814f1586e38 (1).png using Guid(92f8ec9264470374e8b32f4963ca5d15) Importer(815301076,1909f56bfc062723c751e8b465ee728b)  -> (artifact id: 'cc9cb078f54e41c5e640d6293af4a7bd') in 0.102043 seconds 
========================================================================
Received Import Request.
  Time since last request: 0.000020 seconds.
  path: Assets/Fantasy_TextBox_A01-1_Green.png
  artifactKey: Guid(780544cc62238564bb3d408e52d628c7) Importer(815301076,1909f56bfc062723c751e8b465ee728b)
Start importing Assets/Fantasy_TextBox_A01-1_Green.png using Guid(780544cc62238564bb3d408e52d628c7) Importer(815301076,1909f56bfc062723c751e8b465ee728b)  -> (artifact id: '96900259fb9c8cf07b9dc92333105779') in 0.036009 seconds 
========================================================================
Received Import Request.
  Time since last request: 0.000028 seconds.
  path: Assets/GlobalSounds 1.mixer
  artifactKey: Guid(7016448801146ff4fa0a6799df092961) Importer(815301076,1909f56bfc062723c751e8b465ee728b)
Start importing Assets/GlobalSounds 1.mixer using Guid(7016448801146ff4fa0a6799df092961) Importer(815301076,1909f56bfc062723c751e8b465ee728b)  -> (artifact id: 'e59ebc190cac080852ae107921e95f67') in 0.008842 seconds 
========================================================================
Received Import Request.
  Time since last request: 0.000024 seconds.
  path: Assets/IconOnly_Transparent 1.png
  artifactKey: Guid(226e1ebc79546c8458677cedda360365) Importer(815301076,1909f56bfc062723c751e8b465ee728b)
Start importing Assets/IconOnly_Transparent 1.png using Guid(226e1ebc79546c8458677cedda360365) Importer(815301076,1909f56bfc062723c751e8b465ee728b)  -> (artifact id: '955a19b42901c4bb499d8a66ef8b9355') in 0.021593 seconds 
========================================================================
Received Import Request.
  Time since last request: 0.000023 seconds.
  path: Assets/imgonline-com-ua-Resize-w1QuBJz8nSu0oZI.jpg
  artifactKey: Guid(2b51f75a49e5b8a49b13227a93b7b6ce) Importer(815301076,1909f56bfc062723c751e8b465ee728b)
Start importing Assets/imgonline-com-ua-Resize-w1QuBJz8nSu0oZI.jpg using Guid(2b51f75a49e5b8a49b13227a93b7b6ce) Importer(815301076,1909f56bfc062723c751e8b465ee728b)  -> (artifact id: '5dff4f09c4506ae0c865bfc316ea4c7c') in 0.177904 seconds 
========================================================================
Received Prepare
Registering precompiled user dll's ...
Registered in 0.003502 seconds.
Begin MonoManager ReloadAssembly
Symbol file LoadedFromMemory doesn't match image D:\GitHub\Agro_Furute_Desktop\Novella\Library\PackageCache\com.unity.visualscripting@1.8.0\Editor\VisualScripting.Core\Dependencies\YamlDotNet\Unity.VisualScripting.YamlDotNet.dll
Symbol file LoadedFromMemory doesn't match image D:\GitHub\Agro_Furute_Desktop\Novella\Library\PackageCache\com.unity.visualscripting@1.8.0\Editor\VisualScripting.Core\Dependencies\DotNetZip\Unity.VisualScripting.IonicZip.dll
Native extension for WindowsStandalone target not found
Native extension for AppleTV target not found
Native extension for iOS target not found
Native extension for Android target not found
Native extension for WebGL target not found
Refreshing native plugins compatible for Editor in 0.99 ms, found 4 plugins.
Preloading 0 native plugins for Editor in 0.00 ms.
Mono: successfully reloaded assembly
- Completed reload, in  0.951 seconds
Domain Reload Profiling:
	ReloadAssembly (951ms)
		BeginReloadAssembly (124ms)
			ExecutionOrderSort (0ms)
			DisableScriptedObjects (5ms)
			BackupInstance (0ms)
			ReleaseScriptingObjects (0ms)
			CreateAndSetChildDomain (38ms)
		EndReloadAssembly (741ms)
			LoadAssemblies (83ms)
			RebuildTransferFunctionScriptingTraits (0ms)
			SetupTypeCache (223ms)
			ReleaseScriptCaches (2ms)
			RebuildScriptCaches (47ms)
			SetupLoadedEditorAssemblies (355ms)
				LogAssemblyErrors (0ms)
				InitializePlatformSupportModulesInManaged (28ms)
				SetLoadedEditorAssemblies (0ms)
				RefreshPlugins (1ms)
				BeforeProcessingInitializeOnLoad (70ms)
				ProcessInitializeOnLoadAttributes (178ms)
				ProcessInitializeOnLoadMethodAttributes (70ms)
				AfterProcessingInitializeOnLoad (6ms)
				EditorAssembliesLoaded (0ms)
			ExecutionOrderSort2 (0ms)
			AwakeInstancesAfterBackupRestoration (5ms)
Platform modules already initialized, skipping
Refreshing native plugins compatible for Editor in 2.61 ms, found 4 plugins.
Preloading 0 native plugins for Editor in 0.00 ms.
Unloading 4904 Unused Serialized files (Serialized files now loaded: 0)
Unloading 27 unused Assets / (380.7 KB). Loaded Objects now: 5443.
Memory consumption went from 201.4 MB to 201.0 MB.
Total: 3.510700 ms (FindLiveObjects: 0.449700 ms CreateObjectMapping: 0.131400 ms MarkObjects: 2.796000 ms  DeleteObjects: 0.131900 ms)

AssetImportParameters requested are different than current active one (requested -> active):
  custom:video-decoder-ogg-theora: a1e56fd34408186e4bbccfd4996cb3dc -> 
  custom:container-muxer-webm: aa71ff27fc2769a1b78a27578f13a17b -> 
  custom:container-demuxer-webm: 4f35f7cbe854078d1ac9338744f61a02 -> 
  custom:video-encoder-webm-vp8: eb34c28f22e8b96e1ab97ce403110664 -> 
  custom:video-codec-MediaFoundation-h265: 746d11721c4dcdbdad8f713fa42b33f4 -> 
  custom:audio-encoder-webm-vorbis: bf7c407c2cedff20999df2af8eb42d56 -> 
  custom:framework-win-MediaFoundation: 216162199b28c13a410421893ffa2e32 -> 
  custom:container-demuxer-ogg: 62fdf1f143b41e24485cea50d1cbac27 -> 
  custom:video-decoder-webm-vp8: 9c59270c3fd7afecdb556c50c9e8de78 -> 
  custom:audio-decoder-ogg-vorbis: bf7c407c2cedff20999df2af8eb42d56 -> 
========================================================================
Received Import Request.
  Time since last request: 108.777254 seconds.
  path: Assets/Resources/1644668865_2-abrakadabra-fun-p-kamennaya-stena-risunok-2.jpg
  artifactKey: Guid(10b71d6c85d7898418498ec62c6b6dc6) Importer(815301076,1909f56bfc062723c751e8b465ee728b)
Start importing Assets/Resources/1644668865_2-abrakadabra-fun-p-kamennaya-stena-risunok-2.jpg using Guid(10b71d6c85d7898418498ec62c6b6dc6) Importer(815301076,1909f56bfc062723c751e8b465ee728b)  -> (artifact id: 'b03b98abc3eb7a701d31cc9b949208e8') in 0.293533 seconds 
========================================================================
Received Import Request.
  Time since last request: 0.000029 seconds.
  path: Assets/Resources/Sound.png
  artifactKey: Guid(288e562610e121b4b99e79928c9cabca) Importer(815301076,1909f56bfc062723c751e8b465ee728b)
Start importing Assets/Resources/Sound.png using Guid(288e562610e121b4b99e79928c9cabca) Importer(815301076,1909f56bfc062723c751e8b465ee728b)  -> (artifact id: '7cd1894e83a9b325c6563589fc861b7a') in 0.023455 seconds 
========================================================================
Received Import Request.
  Time since last request: 0.000042 seconds.
  path: Assets/Resources/Remove-bg.ai_1699202299746.png
  artifactKey: Guid(f7173ced39f2aba4b933501d54f299f0) Importer(815301076,1909f56bfc062723c751e8b465ee728b)
Start importing Assets/Resources/Remove-bg.ai_1699202299746.png using Guid(f7173ced39f2aba4b933501d54f299f0) Importer(815301076,1909f56bfc062723c751e8b465ee728b)  -> (artifact id: '2de5fb86de6407028779555d8be37116') in 0.051495 seconds 
========================================================================
Received Import Request.
  Time since last request: 0.000021 seconds.
  path: Assets/Resources/Remove-bg.ai_1699202126982.png
  artifactKey: Guid(bc414259e16a43649bbd1c9b41c8a342) Importer(815301076,1909f56bfc062723c751e8b465ee728b)
Start importing Assets/Resources/Remove-bg.ai_1699202126982.png using Guid(bc414259e16a43649bbd1c9b41c8a342) Importer(815301076,1909f56bfc062723c751e8b465ee728b)  -> (artifact id: '0bacc9a91150391160b4cd0075866bfc') in 0.056712 seconds 
========================================================================
Received Import Request.
  Time since last request: 0.000029 seconds.
  path: Assets/Resources/transparent-arrow-icon-direction-icon-point-icon-5d71ae198db972.8084972015677312255805.png
  artifactKey: Guid(9b7a73026a7d11a4e95325f68f6d96c4) Importer(815301076,1909f56bfc062723c751e8b465ee728b)
Start importing Assets/Resources/transparent-arrow-icon-direction-icon-point-icon-5d71ae198db972.8084972015677312255805.png using Guid(9b7a73026a7d11a4e95325f68f6d96c4) Importer(815301076,1909f56bfc062723c751e8b465ee728b)  -> (artifact id: '8a1aa269d172cad2e18899ee9a60b109') in 0.046580 seconds 
Editor requested this worker to shutdown with reason: Scaling down because of idle timeout
AssetImportWorker is now disconnected from the server
Process exiting
Exiting without the bug reporter. Application will terminate with return code 0